<?xml version="1.0" encoding="UTF-8"?>
<!-- Generated by org.testng.reporters.JUnitReportReporter -->
<testsuite skipped="0" hostname="DESKTOP-HV039Q0" name="SeleniumPractice.TestNGDemo2" tests="3" failures="0" timestamp="2020-06-10T01:16:32 IST" time="0.021" errors="0">
  <testcase name="m4" time="0.011" classname="SeleniumPractice.TestNGDemo2"/>
  <system-out/>
  <testcase name="m5" time="0.006" classname="SeleniumPractice.TestNGDemo2"/>
  <system-out/>
  <testcase name="m7" time="0.004" classname="SeleniumPractice.TestNGDemo2"/>
  <system-out/>
</testsuite> <!-- SeleniumPractice.TestNGDemo2 -->
