<?xml version="1.0" encoding="UTF-8"?>
<!-- Generated by org.testng.reporters.JUnitReportReporter -->
<testsuite skipped="0" hostname="DESKTOP-HV039Q0" name="patternPrograme.SingleForLoopPattern" tests="1" failures="0" timestamp="2020-06-03T11:39:48 IST" time="0.010" errors="0">
  <testcase name="singleForLoopPattern" time="0.010" classname="patternPrograme.SingleForLoopPattern"/>
  <system-out/>
</testsuite> <!-- patternPrograme.SingleForLoopPattern -->
