<?xml version="1.0" encoding="UTF-8"?>
<!-- Generated by org.testng.reporters.JUnitReportReporter -->
<testsuite skipped="0" hostname="DESKTOP-HV039Q0" name="SeleniumPractice.TestNGDemo" tests="1" failures="0" timestamp="2020-06-10T00:49:31 IST" time="0.012" errors="0">
  <testcase name="m5" time="0.012" classname="SeleniumPractice.TestNGDemo"/>
  <system-out/>
</testsuite> <!-- SeleniumPractice.TestNGDemo -->
